{"uid":"56e8067e8c53bf94","name":"editCarModelTest","fullName":"testngtests.CarModelTest.editCarModelTest","historyId":"56d190ce59757466d88eacd48055de48","time":{"start":1700399441063,"stop":1700399443624,"duration":2561},"status":"broken","statusMessage":"unexpected alert open: {Alert text : Do you want save changes?}\n  (Session info: chrome=119.0.6045.159): Do you want save changes?\nBuild info: version: '4.15.0', revision: '1d14b5521b'\nSystem info: os.name: 'Linux', os.arch: 'amd64', os.version: '6.2.0-1016-azure', java.version: '17.0.9'\nDriver info: org.openqa.selenium.chrome.ChromeDriver\nCommand: [86a09125bc7f693a73857439451f4a06, executeScript {script=return document.readyState, args=[]}]\nCapabilities {acceptInsecureCerts: false, browserName: chrome, browserVersion: 119.0.6045.159, chrome: {chromedriverVersion: 119.0.6045.105 (38c72552c5e..., userDataDir: /tmp/.org.chromium.Chromium...}, fedcm:accounts: true, goog:chromeOptions: {debuggerAddress: localhost:34309}, networkConnectionEnabled: false, pageLoadStrategy: normal, platformName: linux, proxy: Proxy(), se:cdp: ws://localhost:34309/devtoo..., se:cdpVersion: 119.0.6045.159, setWindowRect: true, strictFileInteractability: false, timeouts: {implicit: 0, pageLoad: 300000, script: 30000}, unhandledPromptBehavior: dismiss and notify, webauthn:extension:credBlob: true, webauthn:extension:largeBlob: true, webauthn:extension:minPinLength: true, webauthn:extension:prf: true, webauthn:virtualAuthenticators: true}\nSession ID: 86a09125bc7f693a73857439451f4a06","statusTrace":"org.openqa.selenium.UnhandledAlertException: unexpected alert open: {Alert text : Do you want save changes?}\n  (Session info: chrome=119.0.6045.159): Do you want save changes?\nBuild info: version: '4.15.0', revision: '1d14b5521b'\nSystem info: os.name: 'Linux', os.arch: 'amd64', os.version: '6.2.0-1016-azure', java.version: '17.0.9'\nDriver info: org.openqa.selenium.chrome.ChromeDriver\nCommand: [86a09125bc7f693a73857439451f4a06, executeScript {script=return document.readyState, args=[]}]\nCapabilities {acceptInsecureCerts: false, browserName: chrome, browserVersion: 119.0.6045.159, chrome: {chromedriverVersion: 119.0.6045.105 (38c72552c5e..., userDataDir: /tmp/.org.chromium.Chromium...}, fedcm:accounts: true, goog:chromeOptions: {debuggerAddress: localhost:34309}, networkConnectionEnabled: false, pageLoadStrategy: normal, platformName: linux, proxy: Proxy(), se:cdp: ws://localhost:34309/devtoo..., se:cdpVersion: 119.0.6045.159, setWindowRect: true, strictFileInteractability: false, timeouts: {implicit: 0, pageLoad: 300000, script: 30000}, unhandledPromptBehavior: dismiss and notify, webauthn:extension:credBlob: true, webauthn:extension:largeBlob: true, webauthn:extension:minPinLength: true, webauthn:extension:prf: true, webauthn:virtualAuthenticators: true}\nSession ID: 86a09125bc7f693a73857439451f4a06\n\tat org.openqa.selenium.remote.codec.w3c.W3CHttpResponseCodec.decode(W3CHttpResponseCodec.java:131)\n\tat org.openqa.selenium.remote.codec.w3c.W3CHttpResponseCodec.decode(W3CHttpResponseCodec.java:52)\n\tat org.openqa.selenium.remote.HttpCommandExecutor.execute(HttpCommandExecutor.java:191)\n\tat org.openqa.selenium.remote.service.DriverCommandExecutor.invokeExecute(DriverCommandExecutor.java:200)\n\tat org.openqa.selenium.remote.service.DriverCommandExecutor.execute(DriverCommandExecutor.java:175)\n\tat org.openqa.selenium.remote.RemoteWebDriver.execute(RemoteWebDriver.java:607)\n\tat org.openqa.selenium.remote.RemoteWebDriver.executeScript(RemoteWebDriver.java:472)\n\tat core.waits.SeleniumWait.lambda$waitForPageInitialization$0(SeleniumWait.java:50)\n\tat org.openqa.selenium.support.ui.FluentWait.until(FluentWait.java:204)\n\tat core.waits.SeleniumWait.waitForPageInitialization(SeleniumWait.java:51)\n\tat models.testngpages.AbstractPage.clickElement(AbstractPage.java:47)\n\tat models.testngpages.carbrand.carmodel.CarModelFormPage.submit(CarModelFormPage.java:48)\n\tat testngtests.CarModelTest.editCarModelTest(CarModelTest.java:56)\n\tat java.base/jdk.internal.reflect.NativeMethodAccessorImpl.invoke0(Native Method)\n\tat java.base/jdk.internal.reflect.NativeMethodAccessorImpl.invoke(NativeMethodAccessorImpl.java:77)\n\tat java.base/jdk.internal.reflect.DelegatingMethodAccessorImpl.invoke(DelegatingMethodAccessorImpl.java:43)\n\tat java.base/java.lang.reflect.Method.invoke(Method.java:568)\n\tat org.testng.internal.invokers.MethodInvocationHelper.invokeMethod(MethodInvocationHelper.java:139)\n\tat org.testng.internal.invokers.TestInvoker.invokeMethod(TestInvoker.java:664)\n\tat org.testng.internal.invokers.TestInvoker.invokeTestMethod(TestInvoker.java:227)\n\tat org.testng.internal.invokers.MethodRunner.runInSequence(MethodRunner.java:50)\n\tat org.testng.internal.invokers.TestInvoker$MethodInvocationAgent.invoke(TestInvoker.java:957)\n\tat org.testng.internal.invokers.TestInvoker.invokeTestMethods(TestInvoker.java:200)\n\tat org.testng.internal.invokers.TestMethodWorker.invokeTestMethods(TestMethodWorker.java:148)\n\tat org.testng.internal.invokers.TestMethodWorker.run(TestMethodWorker.java:128)\n\tat java.base/java.util.concurrent.ThreadPoolExecutor.runWorker(ThreadPoolExecutor.java:1136)\n\tat java.base/java.util.concurrent.ThreadPoolExecutor$Worker.run(ThreadPoolExecutor.java:635)\n\tat java.base/java.lang.Thread.run(Thread.java:840)\n","flaky":false,"newFailed":false,"newBroken":true,"newPassed":false,"retriesCount":0,"retriesStatusChange":false,"beforeStages":[{"name":"initialize","time":{"start":1700399418082,"stop":1700399424905,"duration":6823},"description":"","status":"passed","steps":[],"attachments":[],"parameters":[],"shouldDisplayMessage":false,"stepsCount":0,"attachmentsCount":0,"hasContent":false},{"name":"prepareCarBrandForTest","time":{"start":1700399424910,"stop":1700399437480,"duration":12570},"description":"","status":"passed","steps":[],"attachments":[],"parameters":[],"shouldDisplayMessage":false,"stepsCount":0,"attachmentsCount":0,"hasContent":false}],"testStage":{"status":"broken","statusMessage":"unexpected alert open: {Alert text : Do you want save changes?}\n  (Session info: chrome=119.0.6045.159): Do you want save changes?\nBuild info: version: '4.15.0', revision: '1d14b5521b'\nSystem info: os.name: 'Linux', os.arch: 'amd64', os.version: '6.2.0-1016-azure', java.version: '17.0.9'\nDriver info: org.openqa.selenium.chrome.ChromeDriver\nCommand: [86a09125bc7f693a73857439451f4a06, executeScript {script=return document.readyState, args=[]}]\nCapabilities {acceptInsecureCerts: false, browserName: chrome, browserVersion: 119.0.6045.159, chrome: {chromedriverVersion: 119.0.6045.105 (38c72552c5e..., userDataDir: /tmp/.org.chromium.Chromium...}, fedcm:accounts: true, goog:chromeOptions: {debuggerAddress: localhost:34309}, networkConnectionEnabled: false, pageLoadStrategy: normal, platformName: linux, proxy: Proxy(), se:cdp: ws://localhost:34309/devtoo..., se:cdpVersion: 119.0.6045.159, setWindowRect: true, strictFileInteractability: false, timeouts: {implicit: 0, pageLoad: 300000, script: 30000}, unhandledPromptBehavior: dismiss and notify, webauthn:extension:credBlob: true, webauthn:extension:largeBlob: true, webauthn:extension:minPinLength: true, webauthn:extension:prf: true, webauthn:virtualAuthenticators: true}\nSession ID: 86a09125bc7f693a73857439451f4a06","statusTrace":"org.openqa.selenium.UnhandledAlertException: unexpected alert open: {Alert text : Do you want save changes?}\n  (Session info: chrome=119.0.6045.159): Do you want save changes?\nBuild info: version: '4.15.0', revision: '1d14b5521b'\nSystem info: os.name: 'Linux', os.arch: 'amd64', os.version: '6.2.0-1016-azure', java.version: '17.0.9'\nDriver info: org.openqa.selenium.chrome.ChromeDriver\nCommand: [86a09125bc7f693a73857439451f4a06, executeScript {script=return document.readyState, args=[]}]\nCapabilities {acceptInsecureCerts: false, browserName: chrome, browserVersion: 119.0.6045.159, chrome: {chromedriverVersion: 119.0.6045.105 (38c72552c5e..., userDataDir: /tmp/.org.chromium.Chromium...}, fedcm:accounts: true, goog:chromeOptions: {debuggerAddress: localhost:34309}, networkConnectionEnabled: false, pageLoadStrategy: normal, platformName: linux, proxy: Proxy(), se:cdp: ws://localhost:34309/devtoo..., se:cdpVersion: 119.0.6045.159, setWindowRect: true, strictFileInteractability: false, timeouts: {implicit: 0, pageLoad: 300000, script: 30000}, unhandledPromptBehavior: dismiss and notify, webauthn:extension:credBlob: true, webauthn:extension:largeBlob: true, webauthn:extension:minPinLength: true, webauthn:extension:prf: true, webauthn:virtualAuthenticators: true}\nSession ID: 86a09125bc7f693a73857439451f4a06\n\tat org.openqa.selenium.remote.codec.w3c.W3CHttpResponseCodec.decode(W3CHttpResponseCodec.java:131)\n\tat org.openqa.selenium.remote.codec.w3c.W3CHttpResponseCodec.decode(W3CHttpResponseCodec.java:52)\n\tat org.openqa.selenium.remote.HttpCommandExecutor.execute(HttpCommandExecutor.java:191)\n\tat org.openqa.selenium.remote.service.DriverCommandExecutor.invokeExecute(DriverCommandExecutor.java:200)\n\tat org.openqa.selenium.remote.service.DriverCommandExecutor.execute(DriverCommandExecutor.java:175)\n\tat org.openqa.selenium.remote.RemoteWebDriver.execute(RemoteWebDriver.java:607)\n\tat org.openqa.selenium.remote.RemoteWebDriver.executeScript(RemoteWebDriver.java:472)\n\tat core.waits.SeleniumWait.lambda$waitForPageInitialization$0(SeleniumWait.java:50)\n\tat org.openqa.selenium.support.ui.FluentWait.until(FluentWait.java:204)\n\tat core.waits.SeleniumWait.waitForPageInitialization(SeleniumWait.java:51)\n\tat models.testngpages.AbstractPage.clickElement(AbstractPage.java:47)\n\tat models.testngpages.carbrand.carmodel.CarModelFormPage.submit(CarModelFormPage.java:48)\n\tat testngtests.CarModelTest.editCarModelTest(CarModelTest.java:56)\n\tat java.base/jdk.internal.reflect.NativeMethodAccessorImpl.invoke0(Native Method)\n\tat java.base/jdk.internal.reflect.NativeMethodAccessorImpl.invoke(NativeMethodAccessorImpl.java:77)\n\tat java.base/jdk.internal.reflect.DelegatingMethodAccessorImpl.invoke(DelegatingMethodAccessorImpl.java:43)\n\tat java.base/java.lang.reflect.Method.invoke(Method.java:568)\n\tat org.testng.internal.invokers.MethodInvocationHelper.invokeMethod(MethodInvocationHelper.java:139)\n\tat org.testng.internal.invokers.TestInvoker.invokeMethod(TestInvoker.java:664)\n\tat org.testng.internal.invokers.TestInvoker.invokeTestMethod(TestInvoker.java:227)\n\tat org.testng.internal.invokers.MethodRunner.runInSequence(MethodRunner.java:50)\n\tat org.testng.internal.invokers.TestInvoker$MethodInvocationAgent.invoke(TestInvoker.java:957)\n\tat org.testng.internal.invokers.TestInvoker.invokeTestMethods(TestInvoker.java:200)\n\tat org.testng.internal.invokers.TestMethodWorker.invokeTestMethods(TestMethodWorker.java:148)\n\tat org.testng.internal.invokers.TestMethodWorker.run(TestMethodWorker.java:128)\n\tat java.base/java.util.concurrent.ThreadPoolExecutor.runWorker(ThreadPoolExecutor.java:1136)\n\tat java.base/java.util.concurrent.ThreadPoolExecutor$Worker.run(ThreadPoolExecutor.java:635)\n\tat java.base/java.lang.Thread.run(Thread.java:840)\n","steps":[],"attachments":[{"uid":"17e9fa599757f716","name":"editCarModelTest","source":"17e9fa599757f716.png","type":"image/png","size":114511}],"parameters":[],"shouldDisplayMessage":true,"stepsCount":0,"attachmentsCount":1,"hasContent":true},"afterStages":[{"name":"quitDriver","time":{"start":1700399444604,"stop":1700399444679,"duration":75},"description":"","status":"passed","steps":[],"attachments":[],"parameters":[],"shouldDisplayMessage":false,"stepsCount":0,"attachmentsCount":0,"hasContent":false}],"labels":[{"name":"package","value":"testngtests.CarModelTest"},{"name":"testClass","value":"testngtests.CarModelTest"},{"name":"testMethod","value":"editCarModelTest"},{"name":"parentSuite","value":"test suite"},{"name":"suite","value":"e2e tests"},{"name":"subSuite","value":"testngtests.CarModelTest"},{"name":"host","value":"fv-az1429-386"},{"name":"thread","value":"2381@fv-az1429-386.TestNG-test=e2e tests-6(25)"},{"name":"framework","value":"testng"},{"name":"language","value":"java"},{"name":"resultFormat","value":"allure2"}],"parameters":[],"links":[],"hidden":false,"retry":false,"extra":{"severity":"normal","retries":[],"categories":[{"name":"Test defects","matchedStatuses":[],"flaky":false}],"history":{"statistic":{"failed":0,"broken":3,"skipped":2,"passed":6,"unknown":0,"total":11},"items":[{"uid":"4280bab3ae7d22cf","reportUrl":"https://sirmikolai.github.io/Selenium-Playwright-automation-tests/67//#testresult/4280bab3ae7d22cf","status":"passed","time":{"start":1700399131769,"stop":1700399134776,"duration":3007}},{"uid":"c62a40ede6acd00d","reportUrl":"https://sirmikolai.github.io/Selenium-Playwright-automation-tests/66//#testresult/c62a40ede6acd00d","status":"passed","time":{"start":1700398467836,"stop":1700398470594,"duration":2758}},{"uid":"c6925e08e018eaf1","reportUrl":"https://sirmikolai.github.io/Selenium-Playwright-automation-tests/65//#testresult/c6925e08e018eaf1","status":"skipped","statusDetails":"Method testngtests.CarModelTest.editCarModelTest() on instance testngtests.CarModelTest@13330ac6 depends on not successfully finished methods \n[testngtests.CarModelTest.addingCarModelTest() on instance testngtests.CarModelTest@13330ac6]","time":{"start":1700397416849,"stop":1700397417048,"duration":199}},{"uid":"f3eb3194e01518fc","reportUrl":"https://sirmikolai.github.io/Selenium-Playwright-automation-tests/64//#testresult/f3eb3194e01518fc","status":"skipped","statusDetails":"Method testngtests.CarModelTest.editCarModelTest() on instance testngtests.CarModelTest@13330ac6 depends on not successfully finished methods \n[testngtests.CarModelTest.addingCarModelTest() on instance testngtests.CarModelTest@13330ac6]","time":{"start":1700397008390,"stop":1700397008636,"duration":246}},{"uid":"8e6e232d511fc5fd","reportUrl":"https://sirmikolai.github.io/Selenium-Playwright-automation-tests/63//#testresult/8e6e232d511fc5fd","status":"broken","statusDetails":"Dismissed user prompt dialog: Do you want save changes?: \nBuild info: version: '4.15.0', revision: '1d14b5521b'\nSystem info: os.name: 'Linux', os.arch: 'amd64', os.version: '6.2.0-1015-azure', java.version: '17.0.9'\nDriver info: org.openqa.selenium.firefox.FirefoxDriver\nCommand: [afdd0de7-372d-4d43-ab3a-f928fda11d8a, executeScript {script=return document.readyState, args=[]}]\nCapabilities {acceptInsecureCerts: true, browserName: firefox, browserVersion: 119.0, moz:accessibilityChecks: false, moz:buildID: 20231019122658, moz:debuggerAddress: 127.0.0.1:24693, moz:geckodriverVersion: 0.33.0, moz:headless: true, moz:platformVersion: 6.2.0-1015-azure, moz:processID: 2449, moz:profile: /tmp/rust_mozprofileTA4uYG, moz:shutdownTimeout: 60000, moz:webdriverClick: true, moz:windowless: false, pageLoadStrategy: normal, platformName: linux, proxy: Proxy(), se:cdp: ws://127.0.0.1:24693/devtoo..., se:cdpVersion: 85.0, setWindowRect: true, strictFileInteractability: false, timeouts: {implicit: 0, pageLoad: 300000, script: 30000}, unhandledPromptBehavior: dismiss and notify}\nSession ID: afdd0de7-372d-4d43-ab3a-f928fda11d8a","time":{"start":1700396490685,"stop":1700396492196,"duration":1511}},{"uid":"15ffca90b37d274d","reportUrl":"https://sirmikolai.github.io/Selenium-Playwright-automation-tests/61//#testresult/15ffca90b37d274d","status":"passed","time":{"start":1700395493659,"stop":1700395521750,"duration":28091}},{"uid":"a40f6c477fb1d386","reportUrl":"https://sirmikolai.github.io/Selenium-Playwright-automation-tests/60//#testresult/a40f6c477fb1d386","status":"passed","time":{"start":1700394666527,"stop":1700394669773,"duration":3246}},{"uid":"76953d0d9619a834","reportUrl":"https://sirmikolai.github.io/Selenium-Playwright-automation-tests/59//#testresult/76953d0d9619a834","status":"broken","statusDetails":"Expected condition failed: waiting for element to no longer be visible: By.cssSelector: form[action*='/car-models'] (tried for 25 second(s) with 500 milliseconds interval)\nBuild info: version: '4.15.0', revision: '1d14b5521b'\nSystem info: os.name: 'Linux', os.arch: 'amd64', os.version: '6.2.0-1015-azure', java.version: '17.0.9'\nDriver info: org.openqa.selenium.firefox.FirefoxDriver\nCapabilities {acceptInsecureCerts: true, browserName: firefox, browserVersion: 119.0, moz:accessibilityChecks: false, moz:buildID: 20231019122658, moz:debuggerAddress: 127.0.0.1:19680, moz:geckodriverVersion: 0.33.0, moz:headless: true, moz:platformVersion: 6.2.0-1015-azure, moz:processID: 2539, moz:profile: /tmp/rust_mozprofilelRRIG8, moz:shutdownTimeout: 60000, moz:webdriverClick: true, moz:windowless: false, pageLoadStrategy: normal, platformName: linux, proxy: Proxy(), se:cdp: ws://127.0.0.1:19680/devtoo..., se:cdpVersion: 85.0, setWindowRect: true, strictFileInteractability: false, timeouts: {implicit: 0, pageLoad: 300000, script: 30000}, unhandledPromptBehavior: dismiss}\nSession ID: 9c762416-6b03-4453-9bb7-dc5e186e7734","time":{"start":1700394074217,"stop":1700394101286,"duration":27069}},{"uid":"13667172b733f9c7","reportUrl":"https://sirmikolai.github.io/Selenium-Playwright-automation-tests/58//#testresult/13667172b733f9c7","status":"passed","time":{"start":1700393521842,"stop":1700393524915,"duration":3073}},{"uid":"993293a785a7d559","reportUrl":"https://sirmikolai.github.io/Selenium-Playwright-automation-tests/56//#testresult/993293a785a7d559","status":"passed","time":{"start":1700322601177,"stop":1700322603826,"duration":2649}}]},"tags":[]},"source":"56e8067e8c53bf94.json","parameterValues":[]}