{"uid":"9e69f795fda9204e","name":"editCarBrandTest","fullName":"testngtests.CarBrandTest.editCarBrandTest","historyId":"a3e88cc1a82ac68a47a83262e7e632aa","time":{"start":1700399435758,"stop":1700399440152,"duration":4394},"status":"broken","statusMessage":"unexpected alert open: {Alert text : Do you want save changes?}\n  (Session info: chrome=119.0.6045.159): Do you want save changes?\nBuild info: version: '4.15.0', revision: '1d14b5521b'\nSystem info: os.name: 'Linux', os.arch: 'amd64', os.version: '6.2.0-1016-azure', java.version: '17.0.9'\nDriver info: org.openqa.selenium.chrome.ChromeDriver\nCommand: [a007f625e59bf1f39f5c5fa4236ac35d, executeScript {script=return document.readyState, args=[]}]\nCapabilities {acceptInsecureCerts: false, browserName: chrome, browserVersion: 119.0.6045.159, chrome: {chromedriverVersion: 119.0.6045.105 (38c72552c5e..., userDataDir: /tmp/.org.chromium.Chromium...}, fedcm:accounts: true, goog:chromeOptions: {debuggerAddress: localhost:46855}, networkConnectionEnabled: false, pageLoadStrategy: normal, platformName: linux, proxy: Proxy(), se:cdp: ws://localhost:46855/devtoo..., se:cdpVersion: 119.0.6045.159, setWindowRect: true, strictFileInteractability: false, timeouts: {implicit: 0, pageLoad: 300000, script: 30000}, unhandledPromptBehavior: dismiss and notify, webauthn:extension:credBlob: true, webauthn:extension:largeBlob: true, webauthn:extension:minPinLength: true, webauthn:extension:prf: true, webauthn:virtualAuthenticators: true}\nSession ID: a007f625e59bf1f39f5c5fa4236ac35d","statusTrace":"org.openqa.selenium.UnhandledAlertException: unexpected alert open: {Alert text : Do you want save changes?}\n  (Session info: chrome=119.0.6045.159): Do you want save changes?\nBuild info: version: '4.15.0', revision: '1d14b5521b'\nSystem info: os.name: 'Linux', os.arch: 'amd64', os.version: '6.2.0-1016-azure', java.version: '17.0.9'\nDriver info: org.openqa.selenium.chrome.ChromeDriver\nCommand: [a007f625e59bf1f39f5c5fa4236ac35d, executeScript {script=return document.readyState, args=[]}]\nCapabilities {acceptInsecureCerts: false, browserName: chrome, browserVersion: 119.0.6045.159, chrome: {chromedriverVersion: 119.0.6045.105 (38c72552c5e..., userDataDir: /tmp/.org.chromium.Chromium...}, fedcm:accounts: true, goog:chromeOptions: {debuggerAddress: localhost:46855}, networkConnectionEnabled: false, pageLoadStrategy: normal, platformName: linux, proxy: Proxy(), se:cdp: ws://localhost:46855/devtoo..., se:cdpVersion: 119.0.6045.159, setWindowRect: true, strictFileInteractability: false, timeouts: {implicit: 0, pageLoad: 300000, script: 30000}, unhandledPromptBehavior: dismiss and notify, webauthn:extension:credBlob: true, webauthn:extension:largeBlob: true, webauthn:extension:minPinLength: true, webauthn:extension:prf: true, webauthn:virtualAuthenticators: true}\nSession ID: a007f625e59bf1f39f5c5fa4236ac35d\n\tat org.openqa.selenium.remote.codec.w3c.W3CHttpResponseCodec.decode(W3CHttpResponseCodec.java:131)\n\tat org.openqa.selenium.remote.codec.w3c.W3CHttpResponseCodec.decode(W3CHttpResponseCodec.java:52)\n\tat org.openqa.selenium.remote.HttpCommandExecutor.execute(HttpCommandExecutor.java:191)\n\tat org.openqa.selenium.remote.service.DriverCommandExecutor.invokeExecute(DriverCommandExecutor.java:200)\n\tat org.openqa.selenium.remote.service.DriverCommandExecutor.execute(DriverCommandExecutor.java:175)\n\tat org.openqa.selenium.remote.RemoteWebDriver.execute(RemoteWebDriver.java:607)\n\tat org.openqa.selenium.remote.RemoteWebDriver.executeScript(RemoteWebDriver.java:472)\n\tat core.waits.SeleniumWait.lambda$waitForPageInitialization$0(SeleniumWait.java:50)\n\tat org.openqa.selenium.support.ui.FluentWait.until(FluentWait.java:204)\n\tat core.waits.SeleniumWait.waitForPageInitialization(SeleniumWait.java:51)\n\tat models.testngpages.AbstractPage.clickElement(AbstractPage.java:47)\n\tat models.testngpages.carbrand.CarBrandFormPage.submit(CarBrandFormPage.java:65)\n\tat testngtests.CarBrandTest.editCarBrandTest(CarBrandTest.java:41)\n\tat java.base/jdk.internal.reflect.NativeMethodAccessorImpl.invoke0(Native Method)\n\tat java.base/jdk.internal.reflect.NativeMethodAccessorImpl.invoke(NativeMethodAccessorImpl.java:77)\n\tat java.base/jdk.internal.reflect.DelegatingMethodAccessorImpl.invoke(DelegatingMethodAccessorImpl.java:43)\n\tat java.base/java.lang.reflect.Method.invoke(Method.java:568)\n\tat org.testng.internal.invokers.MethodInvocationHelper.invokeMethod(MethodInvocationHelper.java:139)\n\tat org.testng.internal.invokers.TestInvoker.invokeMethod(TestInvoker.java:664)\n\tat org.testng.internal.invokers.TestInvoker.invokeTestMethod(TestInvoker.java:227)\n\tat org.testng.internal.invokers.MethodRunner.runInSequence(MethodRunner.java:50)\n\tat org.testng.internal.invokers.TestInvoker$MethodInvocationAgent.invoke(TestInvoker.java:957)\n\tat org.testng.internal.invokers.TestInvoker.invokeTestMethods(TestInvoker.java:200)\n\tat org.testng.internal.invokers.TestMethodWorker.invokeTestMethods(TestMethodWorker.java:148)\n\tat org.testng.internal.invokers.TestMethodWorker.run(TestMethodWorker.java:128)\n\tat java.base/java.util.concurrent.ThreadPoolExecutor.runWorker(ThreadPoolExecutor.java:1136)\n\tat java.base/java.util.concurrent.ThreadPoolExecutor$Worker.run(ThreadPoolExecutor.java:635)\n\tat java.base/java.lang.Thread.run(Thread.java:840)\n","flaky":false,"newFailed":false,"newBroken":true,"newPassed":false,"retriesCount":0,"retriesStatusChange":false,"beforeStages":[{"name":"initialize","time":{"start":1700399418083,"stop":1700399425004,"duration":6921},"description":"","status":"passed","steps":[],"attachments":[],"parameters":[],"shouldDisplayMessage":false,"stepsCount":0,"attachmentsCount":0,"hasContent":false}],"testStage":{"status":"broken","statusMessage":"unexpected alert open: {Alert text : Do you want save changes?}\n  (Session info: chrome=119.0.6045.159): Do you want save changes?\nBuild info: version: '4.15.0', revision: '1d14b5521b'\nSystem info: os.name: 'Linux', os.arch: 'amd64', os.version: '6.2.0-1016-azure', java.version: '17.0.9'\nDriver info: org.openqa.selenium.chrome.ChromeDriver\nCommand: [a007f625e59bf1f39f5c5fa4236ac35d, executeScript {script=return document.readyState, args=[]}]\nCapabilities {acceptInsecureCerts: false, browserName: chrome, browserVersion: 119.0.6045.159, chrome: {chromedriverVersion: 119.0.6045.105 (38c72552c5e..., userDataDir: /tmp/.org.chromium.Chromium...}, fedcm:accounts: true, goog:chromeOptions: {debuggerAddress: localhost:46855}, networkConnectionEnabled: false, pageLoadStrategy: normal, platformName: linux, proxy: Proxy(), se:cdp: ws://localhost:46855/devtoo..., se:cdpVersion: 119.0.6045.159, setWindowRect: true, strictFileInteractability: false, timeouts: {implicit: 0, pageLoad: 300000, script: 30000}, unhandledPromptBehavior: dismiss and notify, webauthn:extension:credBlob: true, webauthn:extension:largeBlob: true, webauthn:extension:minPinLength: true, webauthn:extension:prf: true, webauthn:virtualAuthenticators: true}\nSession ID: a007f625e59bf1f39f5c5fa4236ac35d","statusTrace":"org.openqa.selenium.UnhandledAlertException: unexpected alert open: {Alert text : Do you want save changes?}\n  (Session info: chrome=119.0.6045.159): Do you want save changes?\nBuild info: version: '4.15.0', revision: '1d14b5521b'\nSystem info: os.name: 'Linux', os.arch: 'amd64', os.version: '6.2.0-1016-azure', java.version: '17.0.9'\nDriver info: org.openqa.selenium.chrome.ChromeDriver\nCommand: [a007f625e59bf1f39f5c5fa4236ac35d, executeScript {script=return document.readyState, args=[]}]\nCapabilities {acceptInsecureCerts: false, browserName: chrome, browserVersion: 119.0.6045.159, chrome: {chromedriverVersion: 119.0.6045.105 (38c72552c5e..., userDataDir: /tmp/.org.chromium.Chromium...}, fedcm:accounts: true, goog:chromeOptions: {debuggerAddress: localhost:46855}, networkConnectionEnabled: false, pageLoadStrategy: normal, platformName: linux, proxy: Proxy(), se:cdp: ws://localhost:46855/devtoo..., se:cdpVersion: 119.0.6045.159, setWindowRect: true, strictFileInteractability: false, timeouts: {implicit: 0, pageLoad: 300000, script: 30000}, unhandledPromptBehavior: dismiss and notify, webauthn:extension:credBlob: true, webauthn:extension:largeBlob: true, webauthn:extension:minPinLength: true, webauthn:extension:prf: true, webauthn:virtualAuthenticators: true}\nSession ID: a007f625e59bf1f39f5c5fa4236ac35d\n\tat org.openqa.selenium.remote.codec.w3c.W3CHttpResponseCodec.decode(W3CHttpResponseCodec.java:131)\n\tat org.openqa.selenium.remote.codec.w3c.W3CHttpResponseCodec.decode(W3CHttpResponseCodec.java:52)\n\tat org.openqa.selenium.remote.HttpCommandExecutor.execute(HttpCommandExecutor.java:191)\n\tat org.openqa.selenium.remote.service.DriverCommandExecutor.invokeExecute(DriverCommandExecutor.java:200)\n\tat org.openqa.selenium.remote.service.DriverCommandExecutor.execute(DriverCommandExecutor.java:175)\n\tat org.openqa.selenium.remote.RemoteWebDriver.execute(RemoteWebDriver.java:607)\n\tat org.openqa.selenium.remote.RemoteWebDriver.executeScript(RemoteWebDriver.java:472)\n\tat core.waits.SeleniumWait.lambda$waitForPageInitialization$0(SeleniumWait.java:50)\n\tat org.openqa.selenium.support.ui.FluentWait.until(FluentWait.java:204)\n\tat core.waits.SeleniumWait.waitForPageInitialization(SeleniumWait.java:51)\n\tat models.testngpages.AbstractPage.clickElement(AbstractPage.java:47)\n\tat models.testngpages.carbrand.CarBrandFormPage.submit(CarBrandFormPage.java:65)\n\tat testngtests.CarBrandTest.editCarBrandTest(CarBrandTest.java:41)\n\tat java.base/jdk.internal.reflect.NativeMethodAccessorImpl.invoke0(Native Method)\n\tat java.base/jdk.internal.reflect.NativeMethodAccessorImpl.invoke(NativeMethodAccessorImpl.java:77)\n\tat java.base/jdk.internal.reflect.DelegatingMethodAccessorImpl.invoke(DelegatingMethodAccessorImpl.java:43)\n\tat java.base/java.lang.reflect.Method.invoke(Method.java:568)\n\tat org.testng.internal.invokers.MethodInvocationHelper.invokeMethod(MethodInvocationHelper.java:139)\n\tat org.testng.internal.invokers.TestInvoker.invokeMethod(TestInvoker.java:664)\n\tat org.testng.internal.invokers.TestInvoker.invokeTestMethod(TestInvoker.java:227)\n\tat org.testng.internal.invokers.MethodRunner.runInSequence(MethodRunner.java:50)\n\tat org.testng.internal.invokers.TestInvoker$MethodInvocationAgent.invoke(TestInvoker.java:957)\n\tat org.testng.internal.invokers.TestInvoker.invokeTestMethods(TestInvoker.java:200)\n\tat org.testng.internal.invokers.TestMethodWorker.invokeTestMethods(TestMethodWorker.java:148)\n\tat org.testng.internal.invokers.TestMethodWorker.run(TestMethodWorker.java:128)\n\tat java.base/java.util.concurrent.ThreadPoolExecutor.runWorker(ThreadPoolExecutor.java:1136)\n\tat java.base/java.util.concurrent.ThreadPoolExecutor$Worker.run(ThreadPoolExecutor.java:635)\n\tat java.base/java.lang.Thread.run(Thread.java:840)\n","steps":[],"attachments":[{"uid":"129b267be1c629de","name":"editCarBrandTest","source":"129b267be1c629de.png","type":"image/png","size":114713}],"parameters":[],"shouldDisplayMessage":true,"stepsCount":0,"attachmentsCount":1,"hasContent":true},"afterStages":[{"name":"quitDriver","time":{"start":1700399441554,"stop":1700399441733,"duration":179},"description":"","status":"passed","steps":[],"attachments":[],"parameters":[],"shouldDisplayMessage":false,"stepsCount":0,"attachmentsCount":0,"hasContent":false}],"labels":[{"name":"package","value":"testngtests.CarBrandTest"},{"name":"testClass","value":"testngtests.CarBrandTest"},{"name":"testMethod","value":"editCarBrandTest"},{"name":"parentSuite","value":"test suite"},{"name":"suite","value":"e2e tests"},{"name":"subSuite","value":"testngtests.CarBrandTest"},{"name":"host","value":"fv-az1429-386"},{"name":"thread","value":"2381@fv-az1429-386.TestNG-test=e2e tests-5(24)"},{"name":"framework","value":"testng"},{"name":"language","value":"java"},{"name":"resultFormat","value":"allure2"}],"parameters":[],"links":[],"hidden":false,"retry":false,"extra":{"severity":"normal","retries":[],"categories":[{"name":"Test defects","matchedStatuses":[],"flaky":false}],"history":{"statistic":{"failed":0,"broken":2,"skipped":2,"passed":7,"unknown":0,"total":11},"items":[{"uid":"f811ba4bb4a72b8b","reportUrl":"https://sirmikolai.github.io/Selenium-Playwright-automation-tests/67//#testresult/f811ba4bb4a72b8b","status":"passed","time":{"start":1700399129686,"stop":1700399132799,"duration":3113}},{"uid":"cd1689ddd959e97f","reportUrl":"https://sirmikolai.github.io/Selenium-Playwright-automation-tests/66//#testresult/cd1689ddd959e97f","status":"passed","time":{"start":1700398463875,"stop":1700398467610,"duration":3735}},{"uid":"79fd660af295e1cc","reportUrl":"https://sirmikolai.github.io/Selenium-Playwright-automation-tests/65//#testresult/79fd660af295e1cc","status":"skipped","statusDetails":"Method testngtests.CarBrandTest.editCarBrandTest() on instance testngtests.CarBrandTest@2bd08376 depends on not successfully finished methods \n[testngtests.CarBrandTest.addingCarBrandTest() on instance testngtests.CarBrandTest@2bd08376]","time":{"start":1700397416668,"stop":1700397416833,"duration":165}},{"uid":"dc8655b5ad6c3ee6","reportUrl":"https://sirmikolai.github.io/Selenium-Playwright-automation-tests/64//#testresult/dc8655b5ad6c3ee6","status":"skipped","statusDetails":"Method testngtests.CarBrandTest.editCarBrandTest() on instance testngtests.CarBrandTest@2bd08376 depends on not successfully finished methods \n[testngtests.CarBrandTest.addingCarBrandTest() on instance testngtests.CarBrandTest@2bd08376]","time":{"start":1700397008192,"stop":1700397008424,"duration":232}},{"uid":"cf6bab966480f07","reportUrl":"https://sirmikolai.github.io/Selenium-Playwright-automation-tests/63//#testresult/cf6bab966480f07","status":"broken","statusDetails":"Dismissed user prompt dialog: Do you want save changes?: \nBuild info: version: '4.15.0', revision: '1d14b5521b'\nSystem info: os.name: 'Linux', os.arch: 'amd64', os.version: '6.2.0-1015-azure', java.version: '17.0.9'\nDriver info: org.openqa.selenium.firefox.FirefoxDriver\nCommand: [ad5df327-0053-47c2-a44a-1a3cabbf4c6e, executeScript {script=return document.readyState, args=[]}]\nCapabilities {acceptInsecureCerts: true, browserName: firefox, browserVersion: 119.0, moz:accessibilityChecks: false, moz:buildID: 20231019122658, moz:debuggerAddress: 127.0.0.1:11365, moz:geckodriverVersion: 0.33.0, moz:headless: true, moz:platformVersion: 6.2.0-1015-azure, moz:processID: 2451, moz:profile: /tmp/rust_mozprofile0rG8SI, moz:shutdownTimeout: 60000, moz:webdriverClick: true, moz:windowless: false, pageLoadStrategy: normal, platformName: linux, proxy: Proxy(), se:cdp: ws://127.0.0.1:11365/devtoo..., se:cdpVersion: 85.0, setWindowRect: true, strictFileInteractability: false, timeouts: {implicit: 0, pageLoad: 300000, script: 30000}, unhandledPromptBehavior: dismiss and notify}\nSession ID: ad5df327-0053-47c2-a44a-1a3cabbf4c6e","time":{"start":1700396486551,"stop":1700396488991,"duration":2440}},{"uid":"ce911223c794c370","reportUrl":"https://sirmikolai.github.io/Selenium-Playwright-automation-tests/61//#testresult/ce911223c794c370","status":"passed","time":{"start":1700395490821,"stop":1700395494258,"duration":3437}},{"uid":"27ccd99acd9f8b98","reportUrl":"https://sirmikolai.github.io/Selenium-Playwright-automation-tests/60//#testresult/27ccd99acd9f8b98","status":"passed","time":{"start":1700394662518,"stop":1700394665398,"duration":2880}},{"uid":"f574b2d5844e2376","reportUrl":"https://sirmikolai.github.io/Selenium-Playwright-automation-tests/59//#testresult/f574b2d5844e2376","status":"passed","time":{"start":1700394071346,"stop":1700394074923,"duration":3577}},{"uid":"c0c9e640428fd80b","reportUrl":"https://sirmikolai.github.io/Selenium-Playwright-automation-tests/58//#testresult/c0c9e640428fd80b","status":"passed","time":{"start":1700393518550,"stop":1700393522596,"duration":4046}},{"uid":"afa67a5b018b52bf","reportUrl":"https://sirmikolai.github.io/Selenium-Playwright-automation-tests/56//#testresult/afa67a5b018b52bf","status":"passed","time":{"start":1700322596915,"stop":1700322601152,"duration":4237}}]},"tags":[]},"source":"9e69f795fda9204e.json","parameterValues":[]}